<testsuites id="" name="" tests="1" failures="0" skipped="0" errors="0" time="11.955953000000001">
<testsuite name="uibasics.spec.js" timestamp="2025-07-24T12:06:27.265Z" hostname="chromium" tests="1" failures="0" skipped="0" time="11.395" errors="0">
<testcase name="ui basics" classname="uibasics.spec.js" time="11.395">
<system-out>
<![CDATA[Navigating to login page...
Login | Salesforce
Filling username and password...
Clicking login button...
Waiting for successful login...

[[ATTACHMENT|../../test-results/uibasics-ui-basics-chromium/video.webm]]

[[ATTACHMENT|../../test-results/uibasics-ui-basics-chromium/trace.zip]]
]]>
</system-out>
</testcase>
</testsuite>
</testsuites>